mode: set
github.com/pthomison/tailscale-loadbalancer-provider/controllers/lb_provider.go:22.34,25.2 2 0
github.com/pthomison/tailscale-loadbalancer-provider/controllers/lb_provider.go:27.81,29.16 2 0
github.com/pthomison/tailscale-loadbalancer-provider/controllers/lb_provider.go:29.16,31.3 1 0
github.com/pthomison/tailscale-loadbalancer-provider/controllers/lb_provider.go:33.2,34.16 2 0
github.com/pthomison/tailscale-loadbalancer-provider/controllers/lb_provider.go:34.16,36.3 1 0
github.com/pthomison/tailscale-loadbalancer-provider/controllers/lb_provider.go:38.2,38.12 1 0
github.com/pthomison/tailscale-loadbalancer-provider/controllers/lb_provider.go:41.90,50.39 4 0
github.com/pthomison/tailscale-loadbalancer-provider/controllers/lb_provider.go:50.39,52.3 1 0
github.com/pthomison/tailscale-loadbalancer-provider/controllers/lb_provider.go:52.8,52.23 1 0
github.com/pthomison/tailscale-loadbalancer-provider/controllers/lb_provider.go:52.23,54.3 1 0
github.com/pthomison/tailscale-loadbalancer-provider/controllers/lb_provider.go:54.8,56.3 1 0
github.com/pthomison/tailscale-loadbalancer-provider/controllers/lb_provider.go:57.2,57.12 1 0
github.com/pthomison/tailscale-loadbalancer-provider/controllers/lb_provider.go:60.91,69.39 4 0
github.com/pthomison/tailscale-loadbalancer-provider/controllers/lb_provider.go:69.39,71.3 1 0
github.com/pthomison/tailscale-loadbalancer-provider/controllers/lb_provider.go:71.8,71.23 1 0
github.com/pthomison/tailscale-loadbalancer-provider/controllers/lb_provider.go:71.23,73.3 1 0
github.com/pthomison/tailscale-loadbalancer-provider/controllers/lb_provider.go:73.8,75.3 1 0
github.com/pthomison/tailscale-loadbalancer-provider/controllers/lb_provider.go:76.2,76.12 1 0
github.com/pthomison/tailscale-loadbalancer-provider/controllers/names.go:14.49,16.2 1 0
github.com/pthomison/tailscale-loadbalancer-provider/controllers/names.go:18.50,20.2 1 0
github.com/pthomison/tailscale-loadbalancer-provider/controllers/names.go:22.51,24.2 1 0
github.com/pthomison/tailscale-loadbalancer-provider/controllers/names.go:26.79,43.2 10 0
github.com/pthomison/tailscale-loadbalancer-provider/controllers/names.go:45.36,49.16 2 0
github.com/pthomison/tailscale-loadbalancer-provider/controllers/names.go:49.16,51.3 1 0
github.com/pthomison/tailscale-loadbalancer-provider/controllers/names.go:53.2,53.13 1 0
github.com/pthomison/tailscale-loadbalancer-provider/controllers/names.go:56.30,60.21 2 0
github.com/pthomison/tailscale-loadbalancer-provider/controllers/names.go:60.21,62.3 1 0
github.com/pthomison/tailscale-loadbalancer-provider/controllers/names.go:65.2,65.75 1 0
github.com/pthomison/tailscale-loadbalancer-provider/controllers/names.go:68.54,115.2 6 0
github.com/pthomison/tailscale-loadbalancer-provider/controllers/render.go:17.44,113.2 3 0
github.com/pthomison/tailscale-loadbalancer-provider/controllers/render.go:115.43,127.2 2 0
github.com/pthomison/tailscale-loadbalancer-provider/controllers/service_controller.go:53.99,59.39 4 0
github.com/pthomison/tailscale-loadbalancer-provider/controllers/service_controller.go:59.39,62.3 1 0
github.com/pthomison/tailscale-loadbalancer-provider/controllers/service_controller.go:62.8,62.23 1 0
github.com/pthomison/tailscale-loadbalancer-provider/controllers/service_controller.go:62.23,65.3 2 0
github.com/pthomison/tailscale-loadbalancer-provider/controllers/service_controller.go:67.2,67.37 1 0
github.com/pthomison/tailscale-loadbalancer-provider/controllers/service_controller.go:67.37,70.3 1 0
github.com/pthomison/tailscale-loadbalancer-provider/controllers/service_controller.go:72.2,80.16 5 0
github.com/pthomison/tailscale-loadbalancer-provider/controllers/service_controller.go:80.16,82.3 1 0
github.com/pthomison/tailscale-loadbalancer-provider/controllers/service_controller.go:84.2,86.6 3 0
github.com/pthomison/tailscale-loadbalancer-provider/controllers/service_controller.go:86.6,96.32 4 0
github.com/pthomison/tailscale-loadbalancer-provider/controllers/service_controller.go:96.32,99.59 2 0
github.com/pthomison/tailscale-loadbalancer-provider/controllers/service_controller.go:99.59,101.10 2 0
github.com/pthomison/tailscale-loadbalancer-provider/controllers/service_controller.go:104.3,105.30 2 0
github.com/pthomison/tailscale-loadbalancer-provider/controllers/service_controller.go:108.2,113.27 4 0
github.com/pthomison/tailscale-loadbalancer-provider/controllers/service_controller.go:117.70,121.2 1 0
